<?xml version="1.0" encoding="UTF-8"?>
<!-- Generated by org.testng.reporters.JUnitXMLReporter -->
<testsuite ignored="1" hostname="DESKTOP-PITCU2K" failures="1" tests="1" name="Default test(failed)" time="7.546" errors="0" timestamp="2024-12-10T09:03:41 IST">
  <testcase classname="com.seleniumdemo.properitesread.TestOrangeHRMLogin" name="verifyURL" time="0.097">
    <failure type="java.lang.AssertionError" message="expected [https://opensource-demo.orangehrmlive.com/web/index.php/auth/login] but found [https://www.google.com/]">
      <![CDATA[java.lang.AssertionError: expected [https://opensource-demo.orangehrmlive.com/web/index.php/auth/login] but found [https://www.google.com/]
at com.seleniumdemo.properitesread.TestOrangeHRMLogin.verifyURL(TestOrangeHRMLogin.java:75)
at java.base/java.util.ArrayList.forEach(ArrayList.java:1596)
... Removed 31 stack frames]]>
    </failure>
  </testcase> <!-- verifyURL -->
  <testcase classname="com.seleniumdemo.properitesread.TestOrangeHRMLogin" name="verifyTitle" time="0.0">
    <ignored/>
  </testcase> <!-- verifyTitle -->
</testsuite> <!-- Default test(failed) -->
