<?xml version="1.0" encoding="UTF-8"?>
<!-- Generated by org.testng.reporters.JUnitXMLReporter -->
<testsuite ignored="0" hostname="DESKTOP-PITCU2K" failures="1" tests="4" name="Test" time="40.349" errors="0" timestamp="2024-12-12T08:38:59 IST">
  <testcase classname="com.seleniumdemo.listners.SwagLabsLoginTestWithData" name="loginWithData" time="18.496"/>
  <testcase classname="com.seleniumdemo.listners.SwagLabsLoginTestWithData" name="loginWithData" time="10.792"/>
  <testcase classname="com.seleniumdemo.listners.SwagLabsLoginTestWithData" name="loginWithData" time="33.388">
    <failure type="java.lang.AssertionError" message="expected [true] but found [false]">
      <![CDATA[java.lang.AssertionError: expected [true] but found [false]
at com.seleniumdemo.listners.SwagLabsLoginTestWithData.loginWithData(SwagLabsLoginTestWithData.java:41)
at java.base/java.util.concurrent.ThreadPoolExecutor.runWorker(ThreadPoolExecutor.java:1144)
at java.base/java.util.concurrent.ThreadPoolExecutor$Worker.run(ThreadPoolExecutor.java:642)
at java.base/java.lang.Thread.run(Thread.java:1583)
... Removed 11 stack frames]]>
    </failure>
  </testcase> <!-- loginWithData -->
  <testcase classname="com.seleniumdemo.listners.SwagLabsLoginTestWithData" name="loginWithData" time="10.927"/>
</testsuite> <!-- Test -->
